#-----------------------------------------------------------
# Vivado v2020.2 (64-bit)
# SW Build 3064766 on Wed Nov 18 09:12:45 MST 2020
# IP Build 3064653 on Wed Nov 18 14:17:31 MST 2020
# Start of session at: Wed Mar 13 18:25:08 2024
# Process ID: 29864
# Current directory: C:/Users/nicnova/Lab2/Lab2/Vivado/Lab1
# Command line: vivado.exe -gui_launcher_event rodinguilauncherevent8928 C:\Users\nicnova\Lab2\Lab2\Vivado\Lab1\Lab1.xpr
# Log file: C:/Users/nicnova/Lab2/Lab2/Vivado/Lab1/vivado.log
# Journal file: C:/Users/nicnova/Lab2/Lab2/Vivado/Lab1\vivado.jou
#-----------------------------------------------------------
start_gui
open_project C:/Users/nicnova/Lab2/Lab2/Vivado/Lab1/Lab1.xpr
CRITICAL WARNING: [Project 1-505] Unrecognized Option Name SimulatorVersionXsim
CRITICAL WARNING: [Project 1-505] Unrecognized Option Name SimulatorVersionModelSim
CRITICAL WARNING: [Project 1-505] Unrecognized Option Name SimulatorVersionQuesta
CRITICAL WARNING: [Project 1-505] Unrecognized Option Name SimulatorVersionXcelium
CRITICAL WARNING: [Project 1-505] Unrecognized Option Name SimulatorVersionVCS
CRITICAL WARNING: [Project 1-505] Unrecognized Option Name SimulatorVersionRiviera
CRITICAL WARNING: [Project 1-505] Unrecognized Option Name SimulatorVersionActiveHdl
CRITICAL WARNING: [Project 1-505] Unrecognized Option Name SimulatorGccVersionXsim
CRITICAL WARNING: [Project 1-505] Unrecognized Option Name SimulatorGccVersionModelSim
CRITICAL WARNING: [Project 1-505] Unrecognized Option Name SimulatorGccVersionQuesta
CRITICAL WARNING: [Project 1-505] Unrecognized Option Name SimulatorGccVersionXcelium
CRITICAL WARNING: [Project 1-505] Unrecognized Option Name SimulatorGccVersionVCS
CRITICAL WARNING: [Project 1-505] Unrecognized Option Name SimulatorGccVersionRiviera
CRITICAL WARNING: [Project 1-505] Unrecognized Option Name SimulatorGccVersionActiveHdl
WARNING: [filemgmt 56-3] Default IP Output Path : Could not find the directory 'C:/Users/nicnova/Lab2/Lab2/Vivado/Lab1/Lab1.gen/sources_1'.
CRITICAL WARNING: [Project 1-505] Unrecognized Option Name EnableResourceEstimation
CRITICAL WARNING: [Project 1-505] Unrecognized Option Name SimCompileState
CRITICAL WARNING: [Project 1-505] Unrecognized Option Name ClassicSocBoot
CRITICAL WARNING: [Project 1-505] Unrecognized Option Name LocalIPRepoLeafDirName
CRITICAL WARNING: [Project 1-19] Could not find the file 'C:/Users/nicnova/Lab2/Lab2/Vivado/Demo/archive_project_summary.txt'.
Scanning sources...
Finished scanning sources
WARNING: [Project 1-231] Project 'Lab1.xpr' was created with a future version and may or may not perform reliably with this version of Vivado. It has been opened in read-only mode for the protection of unrecognized data. Use 'File | Save Project As...' if you wish to alter a copy of the project.
INFO: [IP_Flow 19-234] Refreshing IP repositories
INFO: [IP_Flow 19-1704] No user IP repositories specified
INFO: [IP_Flow 19-2313] Loaded Vivado IP repository 'C:/Xilinx/Vivado/2020.2/data/ip'.
update_compile_order -fileset sources_1
save_project_as project_2 C:/Users/nicnova/Lab2/Lab2/Vivado/project_2 -force
exit
INFO: [Common 17-206] Exiting Vivado at Wed Mar 13 18:27:11 2024...
